me4@ya.ru
me4@ya.ru
me4@ya.ru
name1@ya.ru
name1@ya.ru
name1@ya.ru
name2@ya.ru
name2@ya.ru
name2@ya.ru
name2@ya.ru
name2@ya.ru
widevine@google.com
email-1@ya.spstu.ru
email.2@ya.spstu.ru
email-3@ya.spstu.ru
email-4@ya.spstu.ru
email5@ya.spstu.ru
email6@ya.spstu.ru
me4@ya.ru
name1@ya.ru
name2@ya.ru
email-1@ya.spstu.ru
email.2@ya.spstu.ru
email-3@ya.spstu.ru
email-4@ya.spstu.ru
email5@ya.spstu.ru
email6@ya.spstu.ru
me4@ya.ru
name1@ya.ru
name2@ya.ru

email-1@ya.spstu.ru
email.2@ya.spstu.ru
email-3@ya.spstu.ru
email-4@ya.spstu.ru
email5@ya.spstu.ru
email6@ya.spstu.ru
me4@ya.ru
name1@ya.ru
name2@ya.ru
name3@ya1.ya-2.ru
